This is LuaTeX, Version beta-0.70.2-2012060719 (MiKTeX 2.9 64-bit)  (format=lualatex 2013.4.22)  20 MAR 2014 18:42
**Manual_Counting_Words.tex

(C:/Users/Leonardo.Reyes/Documents/Projects/CountingWords/CountingWordsSpaces/M
anual_Counting_Words.tex
LaTeX2e <2011/06/27>
LuaTeX adaptation of babel <v3.8m-luatex-1.5> and hyphenation patterns for engl
ish, loaded.
("C:/Program Files/MiKTeX 2.9/tex/latex/mindshare/my_MindShare.cls"
("C:/Program Files/MiKTeX 2.9/tex/latex/tufte-latex/tufte-book.cls"
Document Class: tufte-book 2009/12/11 v3.5.0 Tufte-book class
("C:/Program Files/MiKTeX 2.9/tex/latex/tufte-latex/tufte-common.def"
File: tufte-common.def 2009/12/11 v3.5.0 Common code for the Tufte-LaTeX styles


("C:/Program Files/MiKTeX 2.9/tex/latex/xkeyval/xkeyval.sty"
Package: xkeyval 2012/10/14 v2.6b package option processing (HA)

("C:/Program Files/MiKTeX 2.9/tex/generic/xkeyval/xkeyval.tex"
\XKV@toks=\toks14
\XKV@tempa@toks=\toks15
\XKV@depth=\count79
File: xkeyval.tex 2012/10/14 v2.6b key=value parser (HA)

("C:/Program Files/MiKTeX 2.9/tex/generic/xkeyval/keyval.tex")))
("C:/Program Files/MiKTeX 2.9/tex/latex/xifthen/xifthen.sty"
Package: xifthen 2009/04/17 v1.3 Extended ifthen features

("C:/Program Files/MiKTeX 2.9/tex/latex/misc/etex.sty"
Package: etex 1998/03/26 v2.0 eTeX basic definition package (PEB)
\et@xins=\count80
)
("C:/Program Files/MiKTeX 2.9/tex/latex/tools/calc.sty"
Package: calc 2007/08/22 v4.3 Infix arithmetic (KKT,FJ)
\calc@Acount=\count81
\calc@Bcount=\count82
\calc@Adimen=\dimen102
\calc@Bdimen=\dimen103
\calc@Askip=\skip41
\calc@Bskip=\skip42
LaTeX Info: Redefining \setlength on input line 76.
LaTeX Info: Redefining \addtolength on input line 77.
\calc@Ccount=\count83
\calc@Cskip=\skip43
)
("C:/Program Files/MiKTeX 2.9/tex/latex/base/ifthen.sty"
Package: ifthen 2001/05/26 v1.1c Standard LaTeX ifthen package (DPC)
)
("C:/Program Files/MiKTeX 2.9/tex/latex/ifmtarg/ifmtarg.sty"
Package: ifmtarg 2009/09/02 v1.2a check for an empty argument
))
Class tufte-book Info: Loading the base class `book'.

("C:/Program Files/MiKTeX 2.9/tex/latex/base/book.cls"
Document Class: book 2007/10/19 v1.4h Standard LaTeX document class
("C:/Program Files/MiKTeX 2.9/tex/latex/base/bk10.clo"
File: bk10.clo 2007/10/19 v1.4h Standard LaTeX file (size option)
)
\c@part=\count84
\c@chapter=\count85
\c@section=\count86
\c@subsection=\count87
\c@subsubsection=\count88
\c@paragraph=\count89
\c@subparagraph=\count90
\c@figure=\count91
\c@table=\count92
\abovecaptionskip=\skip44
\belowcaptionskip=\skip45
\bibindent=\dimen104
)
("C:/Program Files/MiKTeX 2.9/tex/generic/oberdiek/ifpdf.sty"
Package: ifpdf 2011/01/30 v2.3 Provides the ifpdf switch (HO)
Package ifpdf Info: pdfTeX in PDF mode is detected.
)
("C:/Program Files/MiKTeX 2.9/tex/generic/ifxetex/ifxetex.sty"
Package: ifxetex 2010/09/12 v0.6 Provides ifxetex conditional
)
("C:/Program Files/MiKTeX 2.9/tex/latex/titlesec/titlesec.sty"
Package: titlesec 2011/12/15 v2.10.0 Sectioning titles
\ttl@box=\box26
\beforetitleunit=\skip46
\aftertitleunit=\skip47
\ttl@plus=\dimen105
\ttl@minus=\dimen106
\ttl@toksa=\toks16
\titlewidth=\dimen107
\titlewidthlast=\dimen108
\titlewidthfirst=\dimen109
)
("C:/Program Files/MiKTeX 2.9/tex/latex/titlesec/titletoc.sty"
Package: titletoc 2011/12/15 v1.6 TOC entries
\ttl@leftsep=\dimen110
)
("C:/Program Files/MiKTeX 2.9/tex/latex/ms/ragged2e.sty"
Package: ragged2e 2009/05/21 v2.1 ragged2e Package (MS)

("C:/Program Files/MiKTeX 2.9/tex/latex/ms/everysel.sty"
Package: everysel 2011/10/28 v1.2 EverySelectfont Package (MS)
)
\CenteringLeftskip=\skip48
\RaggedLeftLeftskip=\skip49
\RaggedRightLeftskip=\skip50
\CenteringRightskip=\skip51
\RaggedLeftRightskip=\skip52
\RaggedRightRightskip=\skip53
\CenteringParfillskip=\skip54
\RaggedLeftParfillskip=\skip55
\RaggedRightParfillskip=\skip56
\JustifyingParfillskip=\skip57
\CenteringParindent=\skip58
\RaggedLeftParindent=\skip59
\RaggedRightParindent=\skip60
\JustifyingParindent=\skip61
)
("C:/Program Files/MiKTeX 2.9/tex/latex/geometry/geometry.sty"
Package: geometry 2010/09/12 v5.6 Page Geometry

("C:/Program Files/MiKTeX 2.9/tex/generic/oberdiek/ifvtex.sty"
Package: ifvtex 2010/03/01 v1.5 Detect VTeX and its facilities (HO)
Package ifvtex Info: VTeX not detected.
)
\Gm@cnth=\count93
\Gm@cntv=\count94
\c@Gm@tempcnt=\count95
\Gm@bindingoffset=\dimen111
\Gm@wd@mp=\dimen112
\Gm@odd@mp=\dimen113
\Gm@even@mp=\dimen114
\Gm@layoutwidth=\dimen115
\Gm@layoutheight=\dimen116
\Gm@layouthoffset=\dimen117
\Gm@layoutvoffset=\dimen118
\Gm@dimlist=\toks17

("C:/Program Files/MiKTeX 2.9/tex/latex/geometry/geometry.cfg"))
("C:/Program Files/MiKTeX 2.9/tex/latex/changepage/changepage.sty"
Package: changepage 2009/10/20 v1.0c check page and change page layout
\c@cp@cntr=\count96
\cp@tempcnt=\count97
)
\@tufte@overhang=\skip62
\@tufte@fullwidth=\skip63
\@tufte@caption@fill=\skip64

("C:/Program Files/MiKTeX 2.9/tex/latex/paralist/paralist.sty"
Package: paralist 2002/03/18 v2.3b Extended list environments (BS)
\pltopsep=\skip65
\plpartopsep=\skip66
\plitemsep=\skip67
\plparsep=\skip68
\pl@lab=\toks18
)
("C:/Program Files/MiKTeX 2.9/tex/latex/textcase/textcase.sty"
Package: textcase 2004/10/07 v0.07 Text only upper/lower case changing (DPC)
)
("C:/Program Files/MiKTeX 2.9/tex/latex/microtype/letterspace.sty"
Package: letterspace 2013/03/13 v2.5 Robust letterspacing (RS)
LaTeX Info: Redefining \lsstyle on input line 294.
LaTeX Info: Redefining \lslig on input line 295.
LaTeX Info: Redefining \textls on input line 320.
\MT@outer@kern=\dimen119
)
("C:/Program Files/MiKTeX 2.9/tex/latex/setspace/setspace.sty"
Package: setspace 2011/12/19 v6.7a set line spacing
)
("C:/Program Files/MiKTeX 2.9/tex/latex/natbib/natbib.sty"
Package: natbib 2010/09/13 8.31b (PWD, AO)
\bibhang=\skip69
\bibsep=\skip70
LaTeX Info: Redefining \cite on input line 694.
\c@NAT@ctr=\count98
)
("C:/Program Files/MiKTeX 2.9/tex/latex/natbib/bibentry.sty"
Package: bibentry 2007/10/30 1.5 (PWD)
)
(C:/Users/Leonardo.Reyes/Documents/Projects/CountingWords/CountingWordsSpaces/M
anual_Counting_Words.bbl)
\c@@tufte@num@bibkeys=\count99

("C:/Program Files/MiKTeX 2.9/tex/latex/sauerj/optparams.sty"
Package: optparams 2004/08/14 v0.9 multiple optional parameters in macros
)
\@tufte@sidenote@vertical@offset=\skip71

("C:/Program Files/MiKTeX 2.9/tex/latex/placeins/placeins.sty"
Package: placeins 2005/04/18  v 2.2
)
\@tufte@margin@floatbox=\box27
\@tufte@figure@box=\box28
\@tufte@caption@box=\box29
\@tufte@caption@vertical@offset=\skip72
\@tufte@float@contents@width=\skip73

("C:/Program Files/MiKTeX 2.9/tex/latex/psnfss/mathpazo.sty"
Package: mathpazo 2005/04/12 PSNFSS-v9.2a Palatino w/ Pazo Math (D.Puga, WaS) 
\symupright=\mathgroup4
)
("C:/Program Files/MiKTeX 2.9/tex/latex/psnfss/helvet.sty"
Package: helvet 2005/04/12 PSNFSS-v9.2a (WaS) 
)
("C:/Program Files/MiKTeX 2.9/tex/latex/bera/beramono.sty"
Package: beramono 2004/01/31 (WaS)
)
("C:/Program Files/MiKTeX 2.9/tex/latex/base/fontenc.sty"
Package: fontenc 2005/09/27 v1.99g Standard LaTeX package

("C:/Program Files/MiKTeX 2.9/tex/latex/base/t1enc.def"
File: t1enc.def 2005/09/27 v1.99g Standard LaTeX file
LaTeX Font Info:    Redeclaring font encoding T1 on input line 43.
))
("C:/Program Files/MiKTeX 2.9/tex/latex/base/textcomp.sty"
Package: textcomp 2005/09/27 v1.99g Standard LaTeX package
Package textcomp Info: Sub-encoding information:
(textcomp)               5 = only ISO-Adobe without \textcurrency
(textcomp)               4 = 5 + \texteuro
(textcomp)               3 = 4 + \textohm
(textcomp)               2 = 3 + \textestimated + \textcurrency
(textcomp)               1 = TS1 - \textcircled - \t
(textcomp)               0 = TS1 (full)
(textcomp)             Font families with sub-encoding setting implement
(textcomp)             only a restricted character set as indicated.
(textcomp)             Family '?' is the default used for unknown fonts.
(textcomp)             See the documentation for details.
Package textcomp Info: Setting ? sub-encoding to TS1/1 on input line 71.

("C:/Program Files/MiKTeX 2.9/tex/latex/base/ts1enc.def"
File: ts1enc.def 2001/06/05 v3.0e (jk/car/fm) Standard LaTeX file
)
LaTeX Info: Redefining \oldstylenums on input line 266.
Package textcomp Info: Setting cmr sub-encoding to TS1/0 on input line 281.
Package textcomp Info: Setting cmss sub-encoding to TS1/0 on input line 282.
Package textcomp Info: Setting cmtt sub-encoding to TS1/0 on input line 283.
Package textcomp Info: Setting cmvtt sub-encoding to TS1/0 on input line 284.
Package textcomp Info: Setting cmbr sub-encoding to TS1/0 on input line 285.
Package textcomp Info: Setting cmtl sub-encoding to TS1/0 on input line 286.
Package textcomp Info: Setting ccr sub-encoding to TS1/0 on input line 287.
Package textcomp Info: Setting ptm sub-encoding to TS1/4 on input line 288.
Package textcomp Info: Setting pcr sub-encoding to TS1/4 on input line 289.
Package textcomp Info: Setting phv sub-encoding to TS1/4 on input line 290.
Package textcomp Info: Setting ppl sub-encoding to TS1/3 on input line 291.
Package textcomp Info: Setting pag sub-encoding to TS1/4 on input line 292.
Package textcomp Info: Setting pbk sub-encoding to TS1/4 on input line 293.
Package textcomp Info: Setting pnc sub-encoding to TS1/4 on input line 294.
Package textcomp Info: Setting pzc sub-encoding to TS1/4 on input line 295.
Package textcomp Info: Setting bch sub-encoding to TS1/4 on input line 296.
Package textcomp Info: Setting put sub-encoding to TS1/5 on input line 297.
Package textcomp Info: Setting uag sub-encoding to TS1/5 on input line 298.
Package textcomp Info: Setting ugq sub-encoding to TS1/5 on input line 299.
Package textcomp Info: Setting ul8 sub-encoding to TS1/4 on input line 300.
Package textcomp Info: Setting ul9 sub-encoding to TS1/4 on input line 301.
Package textcomp Info: Setting augie sub-encoding to TS1/5 on input line 302.
Package textcomp Info: Setting dayrom sub-encoding to TS1/3 on input line 303.
Package textcomp Info: Setting dayroms sub-encoding to TS1/3 on input line 304.

Package textcomp Info: Setting pxr sub-encoding to TS1/0 on input line 305.
Package textcomp Info: Setting pxss sub-encoding to TS1/0 on input line 306.
Package textcomp Info: Setting pxtt sub-encoding to TS1/0 on input line 307.
Package textcomp Info: Setting txr sub-encoding to TS1/0 on input line 308.
Package textcomp Info: Setting txss sub-encoding to TS1/0 on input line 309.
Package textcomp Info: Setting txtt sub-encoding to TS1/0 on input line 310.
Package textcomp Info: Setting lmr sub-encoding to TS1/0 on input line 311.
Package textcomp Info: Setting lmdh sub-encoding to TS1/0 on input line 312.
Package textcomp Info: Setting lmss sub-encoding to TS1/0 on input line 313.
Package textcomp Info: Setting lmssq sub-encoding to TS1/0 on input line 314.
Package textcomp Info: Setting lmvtt sub-encoding to TS1/0 on input line 315.
Package textcomp Info: Setting qhv sub-encoding to TS1/0 on input line 316.
Package textcomp Info: Setting qag sub-encoding to TS1/0 on input line 317.
Package textcomp Info: Setting qbk sub-encoding to TS1/0 on input line 318.
Package textcomp Info: Setting qcr sub-encoding to TS1/0 on input line 319.
Package textcomp Info: Setting qcs sub-encoding to TS1/0 on input line 320.
Package textcomp Info: Setting qpl sub-encoding to TS1/0 on input line 321.
Package textcomp Info: Setting qtm sub-encoding to TS1/0 on input line 322.
Package textcomp Info: Setting qzc sub-encoding to TS1/0 on input line 323.
Package textcomp Info: Setting qhvc sub-encoding to TS1/0 on input line 324.
Package textcomp Info: Setting futs sub-encoding to TS1/4 on input line 325.
Package textcomp Info: Setting futx sub-encoding to TS1/4 on input line 326.
Package textcomp Info: Setting futj sub-encoding to TS1/4 on input line 327.
Package textcomp Info: Setting hlh sub-encoding to TS1/3 on input line 328.
Package textcomp Info: Setting hls sub-encoding to TS1/3 on input line 329.
Package textcomp Info: Setting hlst sub-encoding to TS1/3 on input line 330.
Package textcomp Info: Setting hlct sub-encoding to TS1/5 on input line 331.
Package textcomp Info: Setting hlx sub-encoding to TS1/5 on input line 332.
Package textcomp Info: Setting hlce sub-encoding to TS1/5 on input line 333.
Package textcomp Info: Setting hlcn sub-encoding to TS1/5 on input line 334.
Package textcomp Info: Setting hlcw sub-encoding to TS1/5 on input line 335.
Package textcomp Info: Setting hlcf sub-encoding to TS1/5 on input line 336.
Package textcomp Info: Setting pplx sub-encoding to TS1/3 on input line 337.
Package textcomp Info: Setting pplj sub-encoding to TS1/3 on input line 338.
Package textcomp Info: Setting ptmx sub-encoding to TS1/4 on input line 339.
Package textcomp Info: Setting ptmj sub-encoding to TS1/4 on input line 340.
)
("C:/Program Files/MiKTeX 2.9/tex/latex/fancyhdr/fancyhdr.sty"
\fancy@headwidth=\skip74
\f@ncyO@elh=\skip75
\f@ncyO@erh=\skip76
\f@ncyO@olh=\skip77
\f@ncyO@orh=\skip78
\f@ncyO@elf=\skip79
\f@ncyO@erf=\skip80
\f@ncyO@olf=\skip81
\f@ncyO@orf=\skip82
)
("C:/Program Files/MiKTeX 2.9/tex/latex/xcolor/xcolor.sty"
Package: xcolor 2007/01/21 v2.11 LaTeX color extensions (UK)

("C:/Program Files/MiKTeX 2.9/tex/latex/00miktex/color.cfg"
File: color.cfg 2007/01/18 v1.5 color configuration of teTeX/TeXLive
)
Package xcolor Info: Package option `usenames' ignored on input line 216.
Package xcolor Info: Driver file: pdftex.def on input line 225.

("C:/Program Files/MiKTeX 2.9/tex/latex/pdftex-def/pdftex.def"
File: pdftex.def 2011/05/27 v0.06d Graphics/color for pdfTeX

("C:/Program Files/MiKTeX 2.9/tex/generic/oberdiek/infwarerr.sty"
Package: infwarerr 2010/04/08 v1.3 Providing info/warning/error messages (HO)
)
("C:/Program Files/MiKTeX 2.9/tex/generic/oberdiek/ltxcmds.sty"
Package: ltxcmds 2011/11/09 v1.22 LaTeX kernel commands for general use (HO)
)
("C:/Program Files/MiKTeX 2.9/tex/generic/oberdiek/pdftexcmds.sty"
Package: pdftexcmds 2011/11/29 v0.20 Utility functions of pdfTeX for LuaTeX (HO
)

("C:/Program Files/MiKTeX 2.9/tex/generic/oberdiek/ifluatex.sty"
Package: ifluatex 2010/03/01 v1.3 Provides the ifluatex switch (HO)
Package ifluatex Info: LuaTeX detected.
)
Package pdftexcmds Info: \pdf@primitive is available.
Package pdftexcmds Info: \pdf@ifprimitive is available.
Package pdftexcmds Info: \pdfdraftmode found.

("C:/Program Files/MiKTeX 2.9/tex/generic/oberdiek/luatex-loader.sty"
Package: luatex-loader 2010/03/09 v0.4 Lua module loader (HO)

(C:/Program Files/MiKTeX 2.9/scripts/oberdiek/oberdiek.luatex.lua))
\pdftexcmds@toks=\toks19
)
\Gread@gobject=\count100
)
Package xcolor Info: Model `cmy' substituted by `cmy0' on input line 1337.
Package xcolor Info: Model `hsb' substituted by `rgb' on input line 1341.
Package xcolor Info: Model `RGB' extended on input line 1353.
Package xcolor Info: Model `HTML' substituted by `rgb' on input line 1355.
Package xcolor Info: Model `Hsb' substituted by `hsb' on input line 1356.
Package xcolor Info: Model `tHsb' substituted by `hsb' on input line 1357.
Package xcolor Info: Model `HSB' substituted by `hsb' on input line 1358.
Package xcolor Info: Model `Gray' substituted by `gray' on input line 1359.
Package xcolor Info: Model `wave' substituted by `hsb' on input line 1360.

("C:/Program Files/MiKTeX 2.9/tex/latex/graphics/dvipsnam.def"
File: dvipsnam.def 1999/02/16 v3.0i Driver-dependant file (DPC,SPQR)
)
("C:/Program Files/MiKTeX 2.9/tex/latex/xcolor/svgnam.def"
File: svgnam.def 2007/01/21 v2.11 Predefined colors according to SVG 1.1 (UK)
))
\langwohyphens=\language69

("C:/Program Files/MiKTeX 2.9/tex/latex/tools/multicol.sty"
Package: multicol 2011/06/27 v1.7a multicolumn formatting (FMi)
\c@tracingmulticols=\count101
\mult@box=\box30
\multicol@leftmargin=\dimen120
\c@unbalance=\count102
\c@collectmore=\count103
\doublecol@number=\count104
\multicoltolerance=\count105
\multicolpretolerance=\count106
\full@width=\dimen121
\page@free=\dimen122
\premulticols=\dimen123
\postmulticols=\dimen124
\multicolsep=\skip83
\multicolbaselineskip=\skip84
\partial@page=\box31
\last@line=\box32
\mult@rightbox=\box33
\mult@grightbox=\box34
\mult@gfirstbox=\box35
\mult@firstbox=\box36
\@tempa=\box37
\@tempa=\box38
\@tempa=\box39
\@tempa=\box40
\@tempa=\box41
\@tempa=\box42
\@tempa=\box43
\@tempa=\box44
\@tempa=\box45
\@tempa=\box46
\@tempa=\box47
\@tempa=\box48
\@tempa=\box49
\@tempa=\box50
\@tempa=\box51
\@tempa=\box52
\@tempa=\box53
\c@columnbadness=\count107
\c@finalcolumnbadness=\count108
\last@try=\dimen125
\multicolovershoot=\dimen126
\multicolundershoot=\dimen127
\mult@nat@firstbox=\box54
\colbreak@box=\box55
\multicol@sort@counter=\count109
)))
Document Class: my_MindShare 2013/04/19 Customised MindShare class

! LaTeX Error: Option clash for package xcolor.

See the LaTeX manual or LaTeX Companion for explanation.
Type  H <return>  for immediate help.
 ...                                              
                                                  
l.10 \RequirePackage
                    {wallpaper}
The package xcolor has already been loaded with options:
  [usenames,dvipsnames,svgnames]
There has now been an attempt to load it with options
  [usenames,dvipsnames,svgnames,table]
Adding the global options:
  usenames,dvipsnames,svgnames,usenames,dvipsnames,svgnames,table
to your \documentclass declaration may fix this.
Try typing  <return>  to proceed.

("C:/Program Files/MiKTeX 2.9/tex/latex/wallpaper/wallpaper.sty"
Package: wallpaper 2005/01/18, v1.01 easy wallpaper formatting (MHFW)

("C:/Program Files/MiKTeX 2.9/tex/latex/eso-pic/eso-pic.sty"
Package: eso-pic 2010/10/06 v2.0c eso-pic (RN)

("C:/Program Files/MiKTeX 2.9/tex/generic/oberdiek/atbegshi.sty"
Package: atbegshi 2011/10/05 v1.16 At begin shipout hook (HO)
))
("C:/Program Files/MiKTeX 2.9/tex/latex/graphics/graphicx.sty"
Package: graphicx 1999/02/16 v1.0f Enhanced LaTeX Graphics (DPC,SPQR)

("C:/Program Files/MiKTeX 2.9/tex/latex/graphics/graphics.sty"
Package: graphics 2009/02/05 v1.0o Standard LaTeX Graphics (DPC,SPQR)

("C:/Program Files/MiKTeX 2.9/tex/latex/graphics/trig.sty"
Package: trig 1999/03/16 v1.09 sin cos tan (DPC)
)
("C:/Program Files/MiKTeX 2.9/tex/latex/00miktex/graphics.cfg"
File: graphics.cfg 2007/01/18 v1.5 graphics configuration of teTeX/TeXLive
)
Package graphics Info: Driver file: pdftex.def on input line 91.
)
\Gin@req@height=\dimen128
\Gin@req@width=\dimen129
)
\wpXoffset=\skip85
\wpYoffset=\skip86
\tileXoffset=\skip87
\tileYoffset=\skip88
\tilewidth=\skip89
\tileheight=\skip90
\tileX=\skip91
\tileY=\skip92
)
("C:/Program Files/MiKTeX 2.9/tex/latex/fontspec/fontspec.sty"
Package: fontspec 2013/03/16 v2.3a Font selection for XeLaTeX and LuaLaTeX

("C:/Program Files/MiKTeX 2.9/tex/latex/l3kernel/expl3.sty"
("C:/Program Files/MiKTeX 2.9/tex/latex/l3kernel/l3names.sty"
("C:/Program Files/MiKTeX 2.9/tex/latex/l3kernel/l3bootstrap.sty"
Package: l3bootstrap 2013/01/08 v4420 L3 Experimental bootstrap code

("C:/Program Files/MiKTeX 2.9/tex/generic/oberdiek/luatex.sty"
Package: luatex 2010/03/09 v0.4 LuaTeX basic definition package (HO)
\LuT@AllocAttribute=\count277
\LuT@AllocCatcodeTable=\count278
\CatcodeTableStack=\count279
\CatcodeTableIniTeX=\catcodetable1
\CatcodeTableString=\catcodetable3
\CatcodeTableOther=\catcodetable5
\CatcodeTableLaTeX=\catcodetable7
))
Package: l3names 2012/12/07 v4346 L3 Namespace for primitives
)
Package: expl3 2013/03/14 v4469 L3 Experimental code bundle wrapper

("C:/Program Files/MiKTeX 2.9/tex/latex/l3kernel/l3basics.sty"
Package: l3basics 2013/01/10 v4428 L3 Basic definitions
)
("C:/Program Files/MiKTeX 2.9/tex/latex/l3kernel/l3expan.sty"
Package: l3expan 2013/02/03 v4458 L3 Argument expansion
)
("C:/Program Files/MiKTeX 2.9/tex/latex/l3kernel/l3tl.sty"
Package: l3tl 2013/01/08 v4415 L3 Token lists
)
("C:/Program Files/MiKTeX 2.9/tex/latex/l3kernel/l3seq.sty"
Package: l3seq 2013/01/12 v4434 L3 Sequences and stacks
)
("C:/Program Files/MiKTeX 2.9/tex/latex/l3kernel/l3int.sty"
Package: l3int 2013/01/13 v4444 L3 Integers
\c_max_int=\count280
\l_tmpa_int=\count281
\l_tmpb_int=\count282
\g_tmpa_int=\count283
\g_tmpb_int=\count284
)
("C:/Program Files/MiKTeX 2.9/tex/latex/l3kernel/l3quark.sty"
Package: l3quark 2012/11/04 v4268 L3 Quarks
)
("C:/Program Files/MiKTeX 2.9/tex/latex/l3kernel/l3prg.sty"
Package: l3prg 2013/02/13 v4459 L3 Control structures
\g__prg_map_int=\count285
)
("C:/Program Files/MiKTeX 2.9/tex/latex/l3kernel/l3clist.sty"
Package: l3clist 2013/01/08 v4414 L3 Comma separated lists
)
("C:/Program Files/MiKTeX 2.9/tex/latex/l3kernel/l3token.sty"
Package: l3token 2013/01/10 v4428 L3 Experimental token manipulation
)
("C:/Program Files/MiKTeX 2.9/tex/latex/l3kernel/l3prop.sty"
Package: l3prop 2013/01/09 v4423 L3 Property lists
)
("C:/Program Files/MiKTeX 2.9/tex/latex/l3kernel/l3msg.sty"
Package: l3msg 2013/01/08 v4412 L3 Messages
)
("C:/Program Files/MiKTeX 2.9/tex/latex/l3kernel/l3file.sty"
Package: l3file 2013/01/14 v4446 L3 File and I/O operations
\l_iow_line_count_int=\count286
\l__iow_target_count_int=\count287
\l__iow_current_line_int=\count288
\l__iow_current_word_int=\count289
\l__iow_current_indentation_int=\count290
)
("C:/Program Files/MiKTeX 2.9/tex/latex/l3kernel/l3skip.sty"
Package: l3skip 2013/01/13 v4444 L3 Dimensions and skips
\c_zero_dim=\dimen256
\c_max_dim=\dimen257
\l_tmpa_dim=\dimen258
\l_tmpb_dim=\dimen259
\g_tmpa_dim=\dimen260
\g_tmpb_dim=\dimen261
\c_zero_skip=\skip256
\c_max_skip=\skip257
\l_tmpa_skip=\skip258
\l_tmpb_skip=\skip259
\g_tmpa_skip=\skip260
\g_tmpb_skip=\skip261
\c_zero_muskip=\muskip10
\c_max_muskip=\muskip11
\l_tmpa_muskip=\muskip12
\l_tmpb_muskip=\muskip13
\g_tmpa_muskip=\muskip14
\g_tmpb_muskip=\muskip15
)
("C:/Program Files/MiKTeX 2.9/tex/latex/l3kernel/l3keys.sty"
Package: l3keys 2013/02/24 v4461 L3 Experimental key-value interfaces
\g__keyval_level_int=\count291
\l_keys_choice_int=\count292
)
("C:/Program Files/MiKTeX 2.9/tex/latex/l3kernel/l3fp.sty"
Package: l3fp 2013/01/19 v4449 L3 Floating points
\c__fp_leading_shift_int=\count293
\c__fp_middle_shift_int=\count294
\c__fp_trailing_shift_int=\count295
\c__fp_big_leading_shift_int=\count296
\c__fp_big_middle_shift_int=\count297
\c__fp_big_trailing_shift_int=\count298
\c__fp_Bigg_leading_shift_int=\count299
\c__fp_Bigg_middle_shift_int=\count300
\c__fp_Bigg_trailing_shift_int=\count301
)
("C:/Program Files/MiKTeX 2.9/tex/latex/l3kernel/l3box.sty"
Package: l3box 2013/01/08 v4411 L3 Experimental boxes
\c_empty_box=\box256
\l_tmpa_box=\box257
\l_tmpb_box=\box258
\g_tmpa_box=\box259
\g_tmpb_box=\box260
)
("C:/Program Files/MiKTeX 2.9/tex/latex/l3kernel/l3coffins.sty"
Package: l3coffins 2012/09/09 v4212 L3 Coffin code layer
\l__coffin_internal_box=\box261
\l__coffin_internal_dim=\dimen262
\l__coffin_offset_x_dim=\dimen263
\l__coffin_offset_y_dim=\dimen264
\l__coffin_x_dim=\dimen265
\l__coffin_y_dim=\dimen266
\l__coffin_x_prime_dim=\dimen267
\l__coffin_y_prime_dim=\dimen268
\c_empty_coffin=\box262
\l__coffin_aligned_coffin=\box263
\l__coffin_aligned_internal_coffin=\box264
\l_tmpa_coffin=\box265
\l_tmpb_coffin=\box266
\l__coffin_display_coffin=\box267
\l__coffin_display_coord_coffin=\box268
\l__coffin_display_pole_coffin=\box269
\l__coffin_display_offset_dim=\dimen269
\l__coffin_display_x_dim=\dimen270
\l__coffin_display_y_dim=\dimen271
)
("C:/Program Files/MiKTeX 2.9/tex/latex/l3kernel/l3color.sty"
Package: l3color 2012/08/29 v4156 L3 Experimental color support
)
("C:/Program Files/MiKTeX 2.9/tex/latex/l3kernel/l3luatex.sty"
Package: l3luatex 2012/08/03 v4049 L3 Experimental LuaTeX-specific functions
\g__cctab_allocate_int=\count302
\g__cctab_stack_int=\count303
\c_code_cctab=\catcodetable9
)
("C:/Program Files/MiKTeX 2.9/tex/latex/l3kernel/l3candidates.sty"
Package: l3candidates 2013/03/14 v4468 L3 Experimental additions to l3kernel
\l__box_top_dim=\dimen272
\l__box_bottom_dim=\dimen273
\l__box_left_dim=\dimen274
\l__box_right_dim=\dimen275
\l__box_top_new_dim=\dimen276
\l__box_bottom_new_dim=\dimen277
\l__box_left_new_dim=\dimen278
\l__box_right_new_dim=\dimen279
\l__box_internal_box=\box270
\l__coffin_bounding_shift_dim=\dimen280
\l__coffin_left_corner_dim=\dimen281
\l__coffin_right_corner_dim=\dimen282
\l__coffin_bottom_corner_dim=\dimen283
\l__coffin_top_corner_dim=\dimen284
\l__coffin_scaled_total_height_dim=\dimen285
\l__coffin_scaled_width_dim=\dimen286
))
("C:/Program Files/MiKTeX 2.9/tex/latex/l3packages/xparse/xparse.sty"
Package: xparse 2013/03/12 v4467 L3 Experimental document command parser
\l__xparse_current_arg_int=\count304
\l__xparse_m_args_int=\count305
\l__xparse_mandatory_args_int=\count306
\l__xparse_processor_int=\count307
\l__xparse_v_nesting_int=\count308
)
("C:/Program Files/MiKTeX 2.9/tex/luatex/luaotfload/luaotfload.sty"
Package: luaotfload 2012/03/27 v1.26 OpenType layout system

("C:/Program Files/MiKTeX 2.9/tex/luatex/luatexbase/luatexbase.sty"
Package: luatexbase 2010/10/06 v0.3 Module utilities for LuaTeX

("C:/Program Files/MiKTeX 2.9/tex/luatex/luatexbase/luatexbase-compat.sty"
Package: luatexbase-compat 2010/10/10 v0.3 Compatibility tools for LuaTeX
)
("C:/Program Files/MiKTeX 2.9/tex/luatex/luatexbase/luatexbase-loader.sty"
Package: luatexbase-loader 2010/10/10 v0.3 Lua module loader for LuaTeX

(C:/Program Files/MiKTeX 2.9/tex/luatex/luatexbase/luatexbase.loader.lua))
("C:/Program Files/MiKTeX 2.9/tex/luatex/luatexbase/luatexbase-regs.sty"
Package: luatexbase-regs 2010/10/10 v0.3 Registers allocation for LuaTeX
)
("C:/Program Files/MiKTeX 2.9/tex/luatex/luatexbase/luatexbase-attr.sty"
Package: luatexbase-attr 2011/05/21 v0.31 Attributes allocation for LuaTeX

(C:/Program Files/MiKTeX 2.9/tex/luatex/luatexbase/attr.lua))
("C:/Program Files/MiKTeX 2.9/tex/luatex/luatexbase/luatexbase-cctb.sty"
Package: luatexbase-cctb 2010/10/10 v0.3 Catcodetable allocation for LuaTeX

(C:/Program Files/MiKTeX 2.9/tex/luatex/luatexbase/cctb.lua)
\lltxb@catcodetable@alloc=\count309
\CatcodeTableIniTeX=\luatexcatcodetable1
\CatcodeTableString=\luatexcatcodetable3
\CatcodeTableOther=\luatexcatcodetable5
\CatcodeTableLaTeX=\luatexcatcodetable7
\CatcodeTableLaTeXAtLetter=\luatexcatcodetable9
\CatcodeTableExpl=\luatexcatcodetable11
)
("C:/Program Files/MiKTeX 2.9/tex/luatex/luatexbase/luatexbase-mcb.sty"
Package: luatexbase-mcb 2010/10/10 v0.3 Callback management for LuaTeX

("C:/Program Files/MiKTeX 2.9/tex/luatex/luatexbase/luatexbase-modutils.sty"
Package: luatexbase-modutils 2010/10/10 v0.3 Module utilities for LuaTeX

(C:/Program Files/MiKTeX 2.9/tex/luatex/luatexbase/modutils.lua))
(C:/Program Files/MiKTeX 2.9/tex/luatex/luatexbase/mcb.lua)
Lua module: luatexbase-mcb 2010/05/12 0.2 register several functions in a callb
ack
))
(C:/Program Files/MiKTeX 2.9/tex/luatex/lualibs/lualibs.lua)
Lua module: lualibs 2011/01/20 0.96 Lua additional functions.

(C:/Program Files/MiKTeX 2.9/tex/luatex/lualibs/lualibs-string.lua)
(C:/Program Files/MiKTeX 2.9/tex/luatex/lualibs/lualibs-lpeg.lua)
(C:/Program Files/MiKTeX 2.9/tex/luatex/lualibs/lualibs-boolean.lua)
(C:/Program Files/MiKTeX 2.9/tex/luatex/lualibs/lualibs-number.lua)
(C:/Program Files/MiKTeX 2.9/tex/luatex/lualibs/lualibs-math.lua)
(C:/Program Files/MiKTeX 2.9/tex/luatex/lualibs/lualibs-table.lua)
(C:/Program Files/MiKTeX 2.9/tex/luatex/lualibs/lualibs-aux.lua)
(C:/Program Files/MiKTeX 2.9/tex/luatex/lualibs/lualibs-io.lua)
(C:/Program Files/MiKTeX 2.9/tex/luatex/lualibs/lualibs-os.lua)
(C:/Program Files/MiKTeX 2.9/tex/luatex/lualibs/lualibs-file.lua)
(C:/Program Files/MiKTeX 2.9/tex/luatex/lualibs/lualibs-md5.lua)
(C:/Program Files/MiKTeX 2.9/tex/luatex/lualibs/lualibs-dir.lua)
(C:/Program Files/MiKTeX 2.9/tex/luatex/lualibs/lualibs-unicode.lua)
(C:/Program Files/MiKTeX 2.9/tex/luatex/lualibs/lualibs-utils.lua)
(C:/Program Files/MiKTeX 2.9/tex/luatex/lualibs/lualibs-dimen.lua)
(C:/Program Files/MiKTeX 2.9/tex/luatex/lualibs/lualibs-url.lua)
(C:/Program Files/MiKTeX 2.9/tex/luatex/lualibs/lualibs-set.lua)
(C:/Program Files/MiKTeX 2.9/tex/luatex/luaotfload/luaotfload.lua)
Lua module: luaotfload 2012/03/27 1.26 OpenType layout system.
luaotfload: loading file C:/Program Files/MiKTeX 2.9/tex/luatex/luaotfload/otfl
-luat-dum.lua.(using cache: C:/Users/Leonardo.Reyes/AppData/Local/MiKTeX/2.9/lu
atex-cache/generic)
luaotfload: loading file C:/Program Files/MiKTeX 2.9/tex/luatex/luaotfload/otfl
-luat-ovr.lua.
luaotfload: loading file C:/Program Files/MiKTeX 2.9/tex/luatex/luaotfload/otfl
-data-con.lua.
luaotfload: loading file C:/Program Files/MiKTeX 2.9/tex/luatex/luaotfload/otfl
-font-ini.lua.
luaotfload: loading file C:/Program Files/MiKTeX 2.9/tex/luatex/luaotfload/otfl
-node-dum.lua.
luaotfload: loading file C:/Program Files/MiKTeX 2.9/tex/luatex/luaotfload/otfl
-node-inj.lua.
luaotfload: loading file C:/Program Files/MiKTeX 2.9/tex/luatex/luaotfload/otfl
-font-tfm.lua.
luatexbase.attributes["otfl@state"] = 1
luaotfload: loading file C:/Program Files/MiKTeX 2.9/tex/luatex/luaotfload/otfl
-font-cid.lua.
luaotfload: loading file C:/Program Files/MiKTeX 2.9/tex/luatex/luaotfload/otfl
-font-ott.lua.
luaotfload: loading file C:/Program Files/MiKTeX 2.9/tex/luatex/luaotfload/otfl
-font-map.lua.
luaotfload: loading file C:/Program Files/MiKTeX 2.9/tex/luatex/luaotfload/otfl
-font-otf.lua.
luaotfload: loading file C:/Program Files/MiKTeX 2.9/tex/luatex/luaotfload/otfl
-font-otd.lua.
luaotfload: loading file C:/Program Files/MiKTeX 2.9/tex/luatex/luaotfload/otfl
-font-oti.lua.
luaotfload: loading file C:/Program Files/MiKTeX 2.9/tex/luatex/luaotfload/otfl
-font-otb.lua.
luaotfload: loading file C:/Program Files/MiKTeX 2.9/tex/luatex/luaotfload/otfl
-font-otn.lua.
luatexbase.attributes["otfl@markbase"] = 2
luatexbase.attributes["otfl@markmark"] = 3
luatexbase.attributes["otfl@markdone"] = 4
luatexbase.attributes["otfl@cursbase"] = 5
luatexbase.attributes["otfl@curscurs"] = 6
luatexbase.attributes["otfl@cursdone"] = 7
luatexbase.attributes["otfl@kernpair"] = 8
luaotfload: loading file C:/Program Files/MiKTeX 2.9/tex/luatex/luaotfload/otfl
-font-ota.lua.
luaotfload: loading file C:/Program Files/MiKTeX 2.9/tex/luatex/luaotfload/otfl
-font-otc.lua.
luaotfload: loading file C:/Program Files/MiKTeX 2.9/tex/luatex/luaotfload/otfl
-font-def.lua.
luaotfload: loading file C:/Program Files/MiKTeX 2.9/tex/luatex/luaotfload/otfl
-font-xtx.lua.
luaotfload: loading file C:/Program Files/MiKTeX 2.9/tex/luatex/luaotfload/otfl
-font-dum.lua.
luaotfload: loading file C:/Program Files/MiKTeX 2.9/tex/luatex/luaotfload/otfl
-font-nms.lua.
luaotfload: loading file C:/Program Files/MiKTeX 2.9/tex/luatex/luaotfload/otfl
-font-clr.lua.
Module luatexbase-mcb info: creating 'luaotfload.patch_font' type 4
Module luatexbase-mcb info: inserting 'luaotfload.pre_linebreak_filter'
(luatexbase-mcb)            at position 1 in 'pre_linebreak_filter'
Module luatexbase-mcb info: inserting 'luaotfload.hpack_filter'
(luatexbase-mcb)            at position 1 in 'hpack_filter'
Module luatexbase-mcb info: resetting callback 'define_font'
Module luatexbase-mcb info: inserting 'luaotfload.define_font'
(luatexbase-mcb)            at position 1 in 'define_font'
Module luatexbase-mcb info: inserting 'luaotfload.find_vf_file'
(luatexbase-mcb)            at position 1 in 'find_vf_file'
Module luatexbase-mcb info: inserting 'unicodemath.set_sscale_diments'
(luatexbase-mcb)            at position 1 in 'luaotfload.patch_font'
)
(C:/Program Files/MiKTeX 2.9/tex/latex/fontspec/fontspec.lua)
Lua module: fontspec 2009/12/04 2 Advanced font selection for LuaLaTeX.

Module luatexbase-mcb info: inserting 'fontspec.set_capheight'
(luatexbase-mcb)            at position 2 in 'luaotfload.patch_font'
\l_fontspec_script_int=\count310
\l_fontspec_language_int=\count311
\l_fontspec_strnum_int=\count312
\l_fontspec_tmpa_dim=\dimen287
\l_fontspec_tmpb_dim=\dimen288
\l_fontspec_tmpc_dim=\dimen289
Variant \tl_gset:cV already defined; not changing it on line 69
("C:/Program Files/MiKTeX 2.9/tex/latex/fontspec/fontspec-patches.sty"
Package: fontspec-patches 2013/03/16 v2.3a Font selection for XeLaTeX and LuaLa
TeX

("C:/Program Files/MiKTeX 2.9/tex/latex/base/fixltx2e.sty"
Package: fixltx2e 2006/09/13 v1.1m fixes to LaTeX
LaTeX Info: Redefining \em on input line 420.
)
LaTeX Info: Redefining \em on input line 22.
LaTeX Info: Redefining \emph on input line 30.
LaTeX Info: Redefining \- on input line 33.

*************************************************
* LaTeX warning: "xparse/redefine-command"
* 
* Redefining document command \oldstylenums with arg. spec. 'm' on line 128.
*************************************************
.................................................
. LaTeX info: "xparse/define-command"
. 
. Defining document command \liningnums with arg. spec. 'm' on line 132.
.................................................
) ("C:/Program Files/MiKTeX 2.9/tex/latex/fontspec/fontspec-luatex.sty"
Package: fontspec-luatex 2013/03/16 v2.3a Font selection for XeLaTeX and LuaLaT
eX

("C:/Program Files/MiKTeX 2.9/tex/latex/base/fontenc.sty"
Package: fontenc 2005/09/27 v1.99g Standard LaTeX package

("C:/Program Files/MiKTeX 2.9/tex/latex/euenc/eu2enc.def"
File: eu2enc.def 2010/05/27 v0.1h Experimental Unicode font encodings
)
LaTeX Font Info:    Try loading font information for EU2+lmr on input line 100.


("C:/Program Files/MiKTeX 2.9/tex/latex/euenc/eu2lmr.fd"
File: eu2lmr.fd 2009/10/30 v1.6 Font defs for Latin Modern
)
luaotfload | load font: auto-selecting default features for script: dflt (was l
atn)(load: C:/Users/Leonardo.Reyes/AppData/Local/MiKTeX/2.9/luatex-cache/generi
c/fonts/otf/temp-lmroman10-regular.lua)) ("C:/Program Files/MiKTeX 2.9/tex/xela
tex/xunicode/xunicode.sty"
File: xunicode.sty 2011/09/09 v0.981 provides access to latin accents and many 
other characters in Unicode lower plane
("C:/Program Files/MiKTeX 2.9/tex/latex/tipa/t3enc.def"
File: t3enc.def 2001/12/31 T3 encoding
luaotfload | load font: auto-selecting default features for script: dflt (was l
atn)(load: C:/Users/Leonardo.Reyes/AppData/Local/MiKTeX/2.9/luatex-cache/generi
c/fonts/otf/temp-lmromanslant10-regular.lua)
luaotfload | load font: auto-selecting default features for script: dflt (was l
atn)(load: C:/Users/Leonardo.Reyes/AppData/Local/MiKTeX/2.9/luatex-cache/generi
c/fonts/otf/temp-lmroman10-italic.lua)
luaotfload | load font: auto-selecting default features for script: dflt (was l
atn)(load: C:/Users/Leonardo.Reyes/AppData/Local/MiKTeX/2.9/luatex-cache/generi
c/fonts/otf/temp-lmroman10-bold.lua)
LaTeX Font Info:    Try loading font information for EU2+lmss on input line 357
.
 ("C:/Program Files/MiKTeX 2.9/tex/latex/euenc/eu2lmss.fd"
File: eu2lmss.fd 2009/10/30 v1.6 Font defs for Latin Modern
)
luaotfload | load font: auto-selecting default features for script: dflt (was l
atn)(load: C:/Users/Leonardo.Reyes/AppData/Local/MiKTeX/2.9/luatex-cache/generi
c/fonts/otf/temp-lmsans10-regular.lua))
\tipaTiiicode=\count313
\tipasavetokens=\toks20
\tipachecktokens=\toks21
)
.................................................
. LaTeX info: "xparse/define-command"
. 
. Defining document command \fontspec with arg. spec. 'O{}m' on line 44.
.................................................
.................................................
. LaTeX info: "xparse/define-command"
. 
. Defining document command \setmainfont with arg. spec. 'O{}m' on line 49.
.................................................
.................................................
. LaTeX info: "xparse/define-command"
. 
. Defining document command \setsansfont with arg. spec. 'O{}m' on line 54.
.................................................
.................................................
. LaTeX info: "xparse/define-command"
. 
. Defining document command \setmonofont with arg. spec. 'O{}m' on line 59.
.................................................
.................................................
. LaTeX info: "xparse/define-command"
. 
. Defining document command \setmathrm with arg. spec. 'O{}m' on line 68.
.................................................
.................................................
. LaTeX info: "xparse/define-command"
. 
. Defining document command \setboldmathrm with arg. spec. 'O{}m' on line 72.
.................................................
.................................................
. LaTeX info: "xparse/define-command"
. 
. Defining document command \setmathsf with arg. spec. 'O{}m' on line 76.
.................................................
.................................................
. LaTeX info: "xparse/define-command"
. 
. Defining document command \setmathtt with arg. spec. 'O{}m' on line 80.
.................................................
.................................................
. LaTeX info: "xparse/define-command"
. 
. Defining document command \newfontfamily with arg. spec. 'mO{}m' on line 99.
.................................................
.................................................
. LaTeX info: "xparse/define-command"
. 
. Defining document command \newfontface with arg. spec. 'mO{}m' on line 103.
.................................................
.................................................
. LaTeX info: "xparse/define-command"
. 
. Defining document command \defaultfontfeatures with arg. spec. 'om' on line
. 111.
.................................................
.................................................
. LaTeX info: "xparse/define-command"
. 
. Defining document command \addfontfeatures with arg. spec. 'm' on line 147.
.................................................
.................................................
. LaTeX info: "xparse/define-command"
. 
. Defining document command \newfontfeature with arg. spec. 'mm' on line 159.
.................................................
.................................................
. LaTeX info: "xparse/define-command"
. 
. Defining document command \newAATfeature with arg. spec. 'mmmm' on line 167.
.................................................
.................................................
. LaTeX info: "xparse/define-command"
. 
. Defining document command \newICUfeature with arg. spec. 'mmm' on line 175.
.................................................
.................................................
. LaTeX info: "xparse/define-command"
. 
. Defining document command \aliasfontfeature with arg. spec. 'mm' on line
. 204.
.................................................
.................................................
. LaTeX info: "xparse/define-command"
. 
. Defining document command \aliasfontfeatureoption with arg. spec. 'mmm' on
. line 206.
.................................................
.................................................
. LaTeX info: "xparse/define-command"
. 
. Defining document command \newfontscript with arg. spec. 'mm' on line 211.
.................................................
.................................................
. LaTeX info: "xparse/define-command"
. 
. Defining document command \newfontlanguage with arg. spec. 'mm' on line 238.
.................................................
.................................................
. LaTeX info: "xparse/define-command"
. 
. Defining document command \DeclareFontsExtensions with arg. spec. 'm' on
. line 259.
.................................................
Variant \prop_gput:cnV already defined; not changing it on line 586
Variant \prop_gput:cnx already defined; not changing it on line 587
\l_fontspec_tmp_int=\count314
LaTeX Info: Redefining \itshape on input line 2012.
LaTeX Info: Redefining \slshape on input line 2017.
LaTeX Info: Redefining \scshape on input line 2022.
LaTeX Info: Redefining \upshape on input line 2027.

("C:/Program Files/MiKTeX 2.9/tex/latex/fontspec/fontspec.cfg")))
\g__file_internal_ior=\read1

luaotfload | Font names database loaded: C:/Users/Leonardo.Reyes/AppData/Local/
MiKTeX/2.9/luatex-cache/generic/names/otfl-names.lua
luaotfload | load font: font family='fslola', subfamily='regular' found: fs lol
a-medium.otf(load: C:/Users/Leonardo.Reyes/AppData/Local/MiKTeX/2.9/luatex-cach
e/generic/fonts/otf/temp-fs-lola-medium.lua)
luaotfload | load font: font family='fslola', subfamily='regular' found: fs lol
a-medium.otf
fontspec: script 'latn' exists in font 'FS Lola Medium'
fontspec: script 'latn' exists in font 'FS Lola Medium'
\g_fontspec_family_FS Lola_int=\count315
luaotfload | load font: font family='fslola', subfamily='regular' found: fs lol
a-medium.otf
luaotfload | load font: font family='fslola', subfamily='regular' found: fs lol
a-medium.otf
luaotfload | load font: font family='fslola', subfamily='bold' found: fs lola-b
old.otf(load: C:/Users/Leonardo.Reyes/AppData/Local/MiKTeX/2.9/luatex-cache/gen
eric/fonts/otf/temp-fs-lola-bold.lua)
luaotfload | load font: font family='fslola', subfamily='bold' found: fs lola-b
old.otf
luaotfload | load font: font family='fslola', subfamily='regular' found: fs lol
a-medium.otf
luaotfload | load font: font family='fslola', subfamily='italic' found: fs lola
-italic.otf(load: C:/Users/Leonardo.Reyes/AppData/Local/MiKTeX/2.9/luatex-cache
/generic/fonts/otf/temp-fs-lola-italic.lua)
luaotfload | load font: font family='fslola', subfamily='italic' found: fs lola
-italic.otf
luaotfload | load font: font family='fslola', subfamily='regular' found: fs lol
a-medium.otf
luaotfload | load font: font family='fslola', subfamily='bolditalic' found: fs 
lola-bolditalic.otf(load: C:/Users/Leonardo.Reyes/AppData/Local/MiKTeX/2.9/luat
ex-cache/generic/fonts/otf/temp-fs-lola-bolditalic.lua)
luaotfload | load font: font family='fslola', subfamily='bolditalic' found: fs 
lola-bolditalic.otf
.................................................
. fontspec info: "defining-font"
. 
. Font family 'FSLola(0)' created for font 'FS Lola' with options [].
. 
. This font family consists of the following shapes:
. 
. * 'normal' with NFSS spec.:
. <->"name:FSLola:mode=node;script=latn;language=DFLT;"
. 
. * 'bold' with NFSS spec.:
. <->"name:FSLola/B:mode=node;script=latn;language=DFLT;"
. 
. * 'italic' with NFSS spec.:
. <->"name:FSLola/I:mode=node;script=latn;language=DFLT;"
. 
. * 'bold italic' with NFSS spec.:
. <->"name:FSLola/BI:mode=node;script=latn;language=DFLT;"
.................................................
luaotfload | load font: auto-selecting default features for script: dflt (was l
atn)
luaotfload | load font: font family='fslola', subfamily='regular' found: fs lol
a-medium.otf)
("C:/Program Files/MiKTeX 2.9/tex/latex/mdwtools/mdwlist.sty"
Package: mdwlist 1996/05/02 1.1 Various list-related things
)
("C:/Program Files/MiKTeX 2.9/tex/latex/oberdiek/pdflscape.sty"
Package: pdflscape 2008/08/11 v0.10 Display of landscape pages in PDF (HO)

("C:/Program Files/MiKTeX 2.9/tex/latex/graphics/lscape.sty"
Package: lscape 2000/10/22 v3.01 Landscape Pages (DPC)
)
Package pdflscape Info: Auto-detected driver: pdftex on input line 80.
)
("C:/Program Files/MiKTeX 2.9/tex/latex/floatrow/floatrow.sty"
Package: floatrow 2008/08/02 v0.3b floatrow: float package extension

("C:/Program Files/MiKTeX 2.9/tex/latex/caption/caption3.sty"
Package: caption3 2013/02/03 v1.5-62 caption3 kernel (AR)
\captionmargin=\dimen290
\captionmargin@=\dimen291
\captionwidth=\dimen292
\caption@tempdima=\dimen293
\caption@indent=\dimen294
\caption@parindent=\dimen295
\caption@hangindent=\dimen296
)
\c@float@type=\count316
\float@exts=\toks22
\float@box=\box271
\@floatcapt=\box272
Package floatrow Info: Modified float package code loaded on input line 455.
Package floatrow Info: Modified rotfloat package code loaded on input line 473.

\FR@everyfloat=\toks23
\flrow@foot=\insert233
\FB@wd=\dimen297
\FBo@wd=\dimen298
\FBc@wd=\dimen299
\FBo@ht=\skip262
\FBc@ht=\skip263
\FBf@ht=\skip264
\FBo@max=\skip265
\FBc@max=\skip266
\FBf@max=\skip267
\c@FBl@b=\count317
\floatbox@depth=\count318
\c@FRobj=\count319
\c@FRsobj=\count320
\Xhsize=\skip268
\sXhsize=\skip269
\Zhsize=\skip270
\sZhsize=\skip271
\flrow@rowbox=\box273
\FR@Zunitlength=\dimen300
\c@FBcnt=\count321
\FPOScnt=\count322
\LTleft=\skip272
\LTright=\skip273
\LTleft=\skip274
\LTright=\skip275
\flrow@types=\toks24
)
("C:/Program Files/MiKTeX 2.9/tex/latex/tocloft/tocloft.sty"
Package: tocloft 2010/10/13 v2.3e parameterised ToC, etc., typesetting
Package tocloft Info: The document has chapter divisions on input line 43.
\cftparskip=\skip276
\cftbeforetoctitleskip=\skip277
\cftaftertoctitleskip=\skip278
\cftbeforepartskip=\skip279
\cftpartnumwidth=\skip280
\cftpartindent=\skip281
\cftbeforechapskip=\skip282
\cftchapindent=\skip283
\cftchapnumwidth=\skip284
\cftbeforesecskip=\skip285
\cftsecindent=\skip286
\cftsecnumwidth=\skip287
\cftbeforesubsecskip=\skip288
\cftsubsecindent=\skip289
\cftsubsecnumwidth=\skip290
\cftbeforesubsubsecskip=\skip291
\cftsubsubsecindent=\skip292
\cftsubsubsecnumwidth=\skip293
\cftbeforeparaskip=\skip294
\cftparaindent=\skip295
\cftparanumwidth=\skip296
\cftbeforesubparaskip=\skip297
\cftsubparaindent=\skip298
\cftsubparanumwidth=\skip299
\cftbeforeloftitleskip=\skip300
\cftafterloftitleskip=\skip301
\cftbeforefigskip=\skip302
\cftfigindent=\skip303
\cftfignumwidth=\skip304
\c@lofdepth=\count323
\c@lotdepth=\count324
\cftbeforelottitleskip=\skip305
\cftafterlottitleskip=\skip306
\cftbeforetabskip=\skip307
\cfttabindent=\skip308
\cfttabnumwidth=\skip309
)
("C:/Program Files/MiKTeX 2.9/tex/latex/hyperref/hyperref.sty"
Package: hyperref 2012/11/06 v6.83m Hypertext links for LaTeX

("C:/Program Files/MiKTeX 2.9/tex/generic/oberdiek/hobsub-hyperref.sty"
Package: hobsub-hyperref 2012/04/25 v1.12 Bundle oberdiek, subset hyperref (HO)


("C:/Program Files/MiKTeX 2.9/tex/generic/oberdiek/hobsub-generic.sty"
Package: hobsub-generic 2012/04/25 v1.12 Bundle oberdiek, subset generic (HO)
Package: hobsub 2012/04/25 v1.12 Construct package bundles (HO)
Package hobsub Info: Skipping package `infwarerr' (already loaded).
Package hobsub Info: Skipping package `ltxcmds' (already loaded).
Package hobsub Info: Skipping package `ifluatex' (already loaded).
Package hobsub Info: Skipping package `ifvtex' (already loaded).
Package: intcalc 2007/09/27 v1.1 Expandable calculations with integers (HO)
Package hobsub Info: Skipping package `ifpdf' (already loaded).
Package: etexcmds 2011/02/16 v1.5 Avoid name clashes with e-TeX commands (HO)
Package: kvsetkeys 2012/04/25 v1.16 Key value parser (HO)
Package: kvdefinekeys 2011/04/07 v1.3 Define keys (HO)
Package hobsub Info: Skipping package `luatex-loader' (already loaded).
Package hobsub Info: Skipping package `pdftexcmds' (already loaded).
Package: pdfescape 2011/11/25 v1.13 Implements pdfTeX's escape features (HO)
Package: bigintcalc 2012/04/08 v1.3 Expandable calculations on big integers (HO
)
Package: bitset 2011/01/30 v1.1 Handle bit-vector datatype (HO)
Package: uniquecounter 2011/01/30 v1.2 Provide unlimited unique counter (HO)
)
Package hobsub Info: Skipping package `hobsub' (already loaded).
Package: letltxmacro 2010/09/02 v1.4 Let assignment for LaTeX macros (HO)
Package: hopatch 2011/06/24 v1.1 Wrapper for package hooks (HO)
Package: xcolor-patch 2011/01/30 xcolor patch
Package: atveryend 2011/06/30 v1.8 Hooks at the very end of document (HO)
Package atveryend Info: \enddocument detected (standard20110627).
Package hobsub Info: Skipping package `atbegshi' (already loaded).
Package: refcount 2011/10/16 v3.4 Data extraction from label references (HO)
Package: hycolor 2011/01/30 v1.7 Color options for hyperref/bookmark (HO)
)
("C:/Program Files/MiKTeX 2.9/tex/latex/oberdiek/auxhook.sty"
Package: auxhook 2011/03/04 v1.3 Hooks for auxiliary files (HO)
)
("C:/Program Files/MiKTeX 2.9/tex/latex/oberdiek/kvoptions.sty"
Package: kvoptions 2011/06/30 v3.11 Key value format for package options (HO)
)
\@linkdim=\dimen301
\Hy@linkcounter=\count325
\Hy@pagecounter=\count326

("C:/Program Files/MiKTeX 2.9/tex/latex/hyperref/pd1enc.def"
File: pd1enc.def 2012/11/06 v6.83m Hyperref: PDFDocEncoding definition (HO)
)
\Hy@SavedSpaceFactor=\count327

("C:/Program Files/MiKTeX 2.9/tex/latex/00miktex/hyperref.cfg"
File: hyperref.cfg 2002/06/06 v1.2 hyperref configuration of TeXLive
)
Package hyperref Info: Option `hyperfootnotes' set `false' on input line 4319.
Package hyperref Info: Hyper figures OFF on input line 4443.
Package hyperref Info: Link nesting OFF on input line 4448.
Package hyperref Info: Hyper index ON on input line 4451.
Package hyperref Info: Plain pages OFF on input line 4458.
Package hyperref Info: Backreferencing OFF on input line 4463.
Package hyperref Info: Implicit mode ON; LaTeX internals redefined.
Package hyperref Info: Bookmarks ON on input line 4688.
\c@Hy@tempcnt=\count328

("C:/Program Files/MiKTeX 2.9/tex/latex/ltxmisc/url.sty"
\Urlmuskip=\muskip16
Package: url 2006/04/12  ver 3.3  Verb mode for urls, etc.
)
LaTeX Info: Redefining \url on input line 5041.
\XeTeXLinkMargin=\dimen302
\Fld@menulength=\count329
\Field@Width=\dimen303
\Fld@charsize=\dimen304
Package hyperref Info: Hyper figures OFF on input line 6295.
Package hyperref Info: Link nesting OFF on input line 6300.
Package hyperref Info: Hyper index ON on input line 6303.
Package hyperref Info: backreferencing OFF on input line 6310.
Package hyperref Info: Link coloring OFF on input line 6315.
Package hyperref Info: Link coloring with OCG OFF on input line 6320.
Package hyperref Info: PDF/A mode OFF on input line 6325.
LaTeX Info: Redefining \ref on input line 6365.
LaTeX Info: Redefining \pageref on input line 6369.
\Hy@abspage=\count330
\c@Item=\count331
)

Package hyperref Message: Driver (autodetected): hpdftex.

("C:/Program Files/MiKTeX 2.9/tex/latex/hyperref/hpdftex.def"
File: hpdftex.def 2012/11/06 v6.83m Hyperref driver for pdfTeX
\Fld@listcount=\count332
\c@bookmark@seq@number=\count333

("C:/Program Files/MiKTeX 2.9/tex/latex/oberdiek/rerunfilecheck.sty"
Package: rerunfilecheck 2011/04/15 v1.7 Rerun checks for auxiliary files (HO)
Package uniquecounter Info: New unique counter `rerunfilecheck' on input line 2
82.
)
\Hy@SectionHShift=\skip310
)
("C:/Program Files/MiKTeX 2.9/tex/latex/tools/longtable.sty"
Package: longtable 2004/02/01 v4.11 Multi-page Table package (DPC)
\LTleft=\skip311
\LTright=\skip312
\LTpre=\skip313
\LTpost=\skip314
\LTchunksize=\count334
\LTcapwidth=\dimen305
\LT@head=\box274
\LT@firsthead=\box275
\LT@foot=\box276
\LT@lastfoot=\box277
\LT@cols=\count335
\LT@rows=\count336
\c@LT@tables=\count337
\c@LT@chunks=\count338
\LT@p@ftn=\toks25
)
("C:/Program Files/MiKTeX 2.9/tex/latex/tools/afterpage.sty"
Package: afterpage 1995/10/27 v1.08 After-Page Package (DPC)
\AP@output=\toks26
\AP@partial=\box278
\AP@footins=\box279
)
("C:/Program Files/MiKTeX 2.9/tex/latex/capt-of/capt-of.sty"
Package: capt-of 2009/12/29 v0.2 standard captions outside of floats
)
("C:/Program Files/MiKTeX 2.9/tex/latex/multirow/multirow.sty"
\bigstrutjot=\dimen306
)
("C:/Program Files/MiKTeX 2.9/tex/latex/microtype/microtype.sty"
Package: microtype 2013/03/13 v2.5 Micro-typographical refinements (RS)
\MT@toks=\toks27
\MT@count=\count339
LaTeX Info: Redefining \textls on input line 771.
\MT@outer@kern=\dimen307
LaTeX Info: Redefining \textmicrotypecontext on input line 1290.
\MT@listname@count=\count340

("C:/Program Files/MiKTeX 2.9/tex/latex/microtype/microtype-luatex.def"
File: microtype-luatex.def 2013/03/13 v2.5 Definitions specific to luatex (RS)
LaTeX Info: Redefining \lsstyle on input line 621.
LaTeX Info: Redefining \lslig on input line 621.
\MT@outer@space=\skip315
)
Package microtype Info: Loading configuration file microtype.cfg.

("C:/Program Files/MiKTeX 2.9/tex/latex/microtype/microtype.cfg"
File: microtype.cfg 2013/03/13 v2.5 microtype main configuration file (RS)
))
("C:/Program Files/MiKTeX 2.9/tex/latex/lipsum/lipsum.sty"
Package: lipsum 2011/04/14 v1.2 150 paragraphs of Lorem Ipsum dummy text
\c@lips@count=\count341
)
("C:/Program Files/MiKTeX 2.9/tex/latex/booktabs/booktabs.sty"
Package: booktabs 2005/04/14 v1.61803 publication quality tables
\heavyrulewidth=\dimen308
\lightrulewidth=\dimen309
\cmidrulewidth=\dimen310
\belowrulesep=\dimen311
\belowbottomsep=\dimen312
\aboverulesep=\dimen313
\abovetopsep=\dimen314
\cmidrulesep=\dimen315
\cmidrulekern=\dimen316
\defaultaddspace=\dimen317
\@cmidla=\count342
\@cmidlb=\count343
\@aboverulesep=\dimen318
\@belowrulesep=\dimen319
\@thisruleclass=\count344
\@lastruleclass=\count345
\@thisrulewidth=\dimen320
)
Package hyperref Info: Option `colorlinks' set `true' on input line 27.

(C:/Users/Leonardo.Reyes/Documents/Projects/CountingWords/CountingWordsSpaces/M
anual_Counting_Words.aux)
LaTeX Font Info:    Checking defaults for OML/cmm/m/it on input line 48.
LaTeX Font Info:    ... okay on input line 48.
LaTeX Font Info:    Checking defaults for T1/cmr/m/n on input line 48.
LaTeX Font Info:    ... okay on input line 48.
LaTeX Font Info:    Checking defaults for OT1/cmr/m/n on input line 48.
LaTeX Font Info:    ... okay on input line 48.
LaTeX Font Info:    Checking defaults for OMS/cmsy/m/n on input line 48.
LaTeX Font Info:    ... okay on input line 48.
LaTeX Font Info:    Checking defaults for OMX/cmex/m/n on input line 48.
LaTeX Font Info:    ... okay on input line 48.
LaTeX Font Info:    Checking defaults for U/cmr/m/n on input line 48.
LaTeX Font Info:    ... okay on input line 48.
LaTeX Font Info:    Checking defaults for TS1/cmr/m/n on input line 48.
LaTeX Font Info:    Try loading font information for TS1+cmr on input line 48.
 ("C:/Program Files/MiKTeX 2.9/tex/latex/base/ts1cmr.fd"
File: ts1cmr.fd 1999/05/25 v2.5h Standard LaTeX font definitions
)
LaTeX Font Info:    ... okay on input line 48.
LaTeX Font Info:    Checking defaults for EU2/lmr/m/n on input line 48.
LaTeX Font Info:    ... okay on input line 48.
LaTeX Font Info:    Checking defaults for T3/cmr/m/n on input line 48.
LaTeX Font Info:    Try loading font information for T3+cmr on input line 48.
 ("C:/Program Files/MiKTeX 2.9/tex/latex/tipa/t3cmr.fd"
File: t3cmr.fd 2001/12/31 TIPA font definitions
)
LaTeX Font Info:    ... okay on input line 48.
LaTeX Font Info:    Checking defaults for PD1/pdf/m/n on input line 48.
LaTeX Font Info:    ... okay on input line 48.

ABD: EverySelectfont initializing macros
LaTeX Info: Redefining \selectfont on input line 48.

*geometry* driver: auto-detecting
*geometry* detected driver: pdftex
*geometry* verbose mode - [ preamble ] result:
* driver: pdftex
* paper: a4paper
* layout: <same size as paper>
* layoutoffset:(h,v)=(0.0pt,0.0pt)
* modes: twoside asymmetric 
* h-part:(L,W,R)=(70.56284pt, 304.44447pt, 222.50056pt)
* v-part:(T,H,B)=(77.96053pt, 686.0pt, 81.08632pt)
* \paperwidth=597.50787pt
* \paperheight=845.04684pt
* \textwidth=304.44447pt
* \textheight=686.0pt
* \oddsidemargin=-1.70715pt
* \evensidemargin=-1.70715pt
* \topmargin=-36.30946pt
* \headheight=14.0pt
* \headsep=28.0pt
* \topskip=10.0pt
* \footskip=25.29494pt
* \marginparwidth=140.5566pt
* \marginparsep=23.33124pt
* \columnsep=10.0pt
* \skip\footins=9.0pt plus 4.0pt minus 2.0pt
* \hoffset=0.0pt
* \voffset=0.0pt
* \mag=1000
* \@twocolumnfalse
* \@twosidetrue
* \@mparswitchfalse
* \@reversemarginfalse
* (1in=72.27pt=25.4mm, 1cm=28.453pt)

LaTeX Info: Redefining \microtypecontext on input line 48.
Package microtype Info: Generating PDF output.
Package microtype Info: Character protrusion enabled (level 2).
Package microtype Info: Using default protrusion set `alltext'.
Package microtype Info: Automatic font expansion enabled (level 2),
(microtype)             stretch: 20, shrink: 20, step: 1, non-selected.
Package microtype Info: Using default expansion set `basictext'.
Package microtype Info: No adjustment of tracking.
Package microtype Info: No adjustment of spacing.
Package microtype Info: No adjustment of kerning.
Package microtype Info: Loading generic settings for font family
(microtype)             `FSLola' (encoding: EU2).
(microtype)             For optimal results, create family-specific settings.
(microtype)             See the microtype manual for details.
\big@size=\dimen321
("C:/Program Files/MiKTeX 2.9/tex/context/base/supp-pdf.mkii"
[Loading MPS to PDF converter (version 2006.09.02).]
\scratchcounter=\count346
\scratchdimen=\dimen322
\scratchbox=\box280
\nofMPsegments=\count347
\nofMParguments=\count348
\everyMPshowfont=\toks28
\MPscratchCnt=\count349
\MPscratchDim=\dimen323
\MPnumerator=\count350
\makeMPintoPDFobject=\count351
\everyMPtoPDFconversion=\toks29
)
\AtBeginShipoutBox=\box281
Package caption Info: Begin \AtBeginDocument code.
Package caption Info: End \AtBeginDocument code.
 ("C:/Program Files/MiKTeX 2.9/tex/latex/floatrow/fr-longtable.sty"
Package: fr-longtable 2007/11/28 v0.1b (beta) floatrow: additions for longtable

\flrow@LT@lasthead=\box282
\flrow@LT@prelastfoot=\box283
\c@FBLTpage=\count352
)
Package hyperref Info: Link coloring ON on input line 48.

("C:/Program Files/MiKTeX 2.9/tex/latex/hyperref/nameref.sty"
Package: nameref 2012/10/27 v2.43 Cross-referencing by name of section

("C:/Program Files/MiKTeX 2.9/tex/generic/oberdiek/gettitlestring.sty"
Package: gettitlestring 2010/12/03 v1.4 Cleanup title references (HO)
)
\c@section@level=\count353
)
LaTeX Info: Redefining \ref on input line 48.
LaTeX Info: Redefining \pageref on input line 48.
LaTeX Info: Redefining \nameref on input line 48.

(C:/Users/Leonardo.Reyes/Documents/Projects/CountingWords/CountingWordsSpaces/M
anual_Counting_Words.out)
(C:/Users/Leonardo.Reyes/Documents/Projects/CountingWords/CountingWordsSpaces/M
anual_Counting_Words.out)
\@outlinefile=\write3
luaotfload | load font: auto-selecting default features for script: dflt (was l
atn)
luaotfload | load font: font family='fslola', subfamily='regular' found: fs lol
a-medium.otf

LaTeX Font Warning: Font shape `EU2/FSLola(0)/m/sc' undefined
(Font)              using `EU2/FSLola(0)/m/n' instead on input line 82.


LaTeX Font Warning: Font shape `EU2/FSLola(0)/bx/sc' undefined
(Font)              using `EU2/FSLola(0)/bx/n' instead on input line 82.

luaotfload | load font: auto-selecting default features for script: dflt (was l
atn)
luaotfload | load font: font family='fslola', subfamily='bold' found: fs lola-b
old.otf
luaotfload | load font: auto-selecting default features for script: dflt (was l
atn)
luaotfload | load font: font family='fslola', subfamily='bold' found: fs lola-b
old.otf
luaotfload | load font: auto-selecting default features for script: dflt (was l
atn)
luaotfload | load font: font family='fslola', subfamily='regular' found: fs lol
a-medium.otf
Underfull \vbox (badness 10000) has occurred while \output is active []

luaotfload | load font: auto-selecting default features for script: dflt (was l
atn)
luaotfload | load font: font family='fslola', subfamily='regular' found: fs lol
a-medium.otf
<MindshareLogo.png, id=11, 135.3858pt x 38.0622pt>
File: MindshareLogo.png Graphic file (type png)
 <use MindshareLogo.png>
Package pdftex.def Info: MindshareLogo.png used on input line 90.
(pdftex.def)             Requested size: 119.50139pt x 33.59645pt.

! Undefined control sequence.
\ESO@HookIBG ...go.png}\vfill }} \ClientLogoCover 
                                                  
l.90 ...s {\textcolor{CoverTitle}{London WC2H 8AR}
                                                  }\\[5pt]
The control sequence at the end of the top line
of your error message was never \def'ed. If you have
misspelled it (e.g., `\hobx'), type `I' and the correct
spelling (e.g., `I\hbox'). Otherwise just continue,
and I'll forget about whatever was undefined.

<CoverPage.png, id=12, 616.55344pt x 845.40843pt>
File: CoverPage.png Graphic file (type png)
 <use CoverPage.png>
Package pdftex.def Info: CoverPage.png used on input line 90.
(pdftex.def)             Requested size: 616.30731pt x 845.07095pt.

Overfull \hbox (18.79944pt too wide) has occurred while \output is active
 [][][] 
 []

<MindshareLogoWhite.png, id=13, 180.675pt x 631.158pt>
File: MindshareLogoWhite.png Graphic file (type png)

<use MindshareLogoWhite.png>
Package pdftex.def Info: MindshareLogoWhite.png used on input line 90.
(pdftex.def)             Requested size: 45.16862pt x 157.78911pt.
 [1{C:/ProgramData/MiKTeX/2.9/pdftex/config/pdftex.map}


 <C:/Program Files/MiKTeX 2.9/tex/latex/mindshare/MindshareLogo.png> <C:/Progra
m Files/MiKTeX 2.9/tex/latex/mindshare/CoverPage.png> <C:/Program Files/MiKTeX 
2.9/tex/latex/mindshare/MindshareLogoWhite.png>]
luaotfload | load font: auto-selecting default features for script: dflt (was l
atn)
luaotfload | load font: font family='fslola', subfamily='regular' found: fs lol
a-medium.otf
luaotfload | load font: auto-selecting default features for script: dflt (was l
atn)
luaotfload | load font: font family='fslola', subfamily='bold' found: fs lola-b
old.otf
luaotfload | load font: auto-selecting default features for script: dflt (was l
atn)
luaotfload | load font: font family='fslola', subfamily='bold' found: fs lola-b
old.otf
luaotfload | load font: auto-selecting default features for script: dflt (was l
atn)
luaotfload | load font: font family='fslola', subfamily='italic' found: fs lola
-italic.otf

Package bibentry Warning: You have used \nobibliography* 
(bibentry)                without a following \bibliography.
(bibentry)                You may not be able to run BibTeX.

Package atveryend Info: Empty hook `BeforeClearDocument' on input line 129.
File: MindshareLogo.png Graphic file (type png)
<use MindshareLogo.png>
Package pdftex.def Info: MindshareLogo.png used on input line 129.
(pdftex.def)             Requested size: 119.50139pt x 33.59645pt.

! Undefined control sequence.
\ESO@HookIBG ...go.png}\vfill }} \ClientLogoCover 
                                                  
l.129 \end{document}
                     
The control sequence at the end of the top line
of your error message was never \def'ed. If you have
misspelled it (e.g., `\hobx'), type `I' and the correct
spelling (e.g., `I\hbox'). Otherwise just continue,
and I'll forget about whatever was undefined.

[2]
Package atveryend Info: Empty hook `AfterLastShipout' on input line 129.

(C:/Users/Leonardo.Reyes/Documents/Projects/CountingWords/CountingWordsSpaces/M
anual_Counting_Words.aux)
Package atveryend Info: Executing hook `AtVeryEndDocument' on input line 129.
Package atveryend Info: Executing hook `AtEndAfterFileList' on input line 129.
Package rerunfilecheck Info: File `Manual_Counting_Words.out' has not changed.
(rerunfilecheck)             Checksum: 5FD856B4A5ECF01C23CE96841882F5E4;109.


LaTeX Font Warning: Some font shapes were not available, defaults substituted.

Package atveryend Info: Empty hook `AtVeryVeryEnd' on input line 129.
 )

Here is how much of LuaTeX's memory you used:
 25570 strings out of 495011
 100000,794899 words of node,token memory allocated
 488 words of node memory still in use:
    nodes
   avail lists: 2:4678,3:93,4:718,5:105,6:1469,7:30,8:10,9:123,10:118
 28134 multiletter control sequences out of 65536+200000
 40 fonts using 2382991 bytes
 55i,14n,92p,428b,443s stack positions out of 5000i,500n,10000p,200000b,50000s
<C:/Windows/Fonts/fs lola-italic.otf><C:/Windows/Fonts/fs lola-bold.otf><C:/Win
dows/Fonts/fs lola-medium.otf>
Output written on Manual_Counting_Words.pdf (2 pages, 156534 bytes).

PDF statistics: 57 PDF objects out of 1000 (max. 8388607)
 12 named destinations out of 1000 (max. 131072)
 17 words of extra memory for PDF output out of 10000 (max. 10000000)

